[23:13:30] [ServerMain/INFO]: Environment: Environment[sessionHost=https://sessionserver.mojang.com, servicesHost=https://api.minecraftservices.com, name=PROD]
[23:13:33] [ServerMain/INFO]: Loaded 1370 recipes
[23:13:33] [ServerMain/INFO]: Loaded 1481 advancements
[23:13:34] [Server thread/INFO]: Starting minecraft server version 1.21.4
[23:13:34] [Server thread/INFO]: Loading properties
[23:13:34] [Server thread/INFO]: Default game type: SURVIVAL
[23:13:34] [Server thread/INFO]: Generating keypair
[23:13:35] [Server thread/INFO]: Starting Minecraft server on *:25565
[23:13:35] [Server thread/INFO]: Using default channel type
[23:13:35] [Server thread/INFO]: Preparing level "world"
[23:13:35] [Server thread/INFO]: Preparing start region for dimension minecraft:overworld
[23:13:36] [Worker-Main-3/INFO]: Preparing spawn area: 0%
[23:13:36] [Worker-Main-3/INFO]: Preparing spawn area: 0%
[23:13:36] [Worker-Main-3/INFO]: Preparing spawn area: 0%
[23:13:37] [Server thread/INFO]: Time elapsed: 1200 ms
[23:13:37] [Server thread/INFO]: Done (1.676s)! For help, type "help"
[23:14:37] [Server thread/INFO]: Server empty for 60 seconds, pausing
[23:58:06] [Server thread/INFO]: Stopping server
[23:58:06] [Server thread/INFO]: Saving players
[23:58:06] [Server thread/INFO]: Saving worlds
[23:58:06] [Server thread/INFO]: Saving chunks for level 'ServerLevel[world]'/minecraft:overworld
[23:58:07] [Server thread/INFO]: Saving chunks for level 'ServerLevel[world]'/minecraft:the_end
[23:58:07] [Server thread/INFO]: Saving chunks for level 'ServerLevel[world]'/minecraft:the_nether
[23:58:07] [Server thread/INFO]: ThreadedAnvilChunkStorage (world): All chunks are saved
[23:58:07] [Server thread/INFO]: ThreadedAnvilChunkStorage (DIM1): All chunks are saved
[23:58:07] [Server thread/INFO]: ThreadedAnvilChunkStorage (DIM-1): All chunks are saved
[23:58:07] [Server thread/INFO]: ThreadedAnvilChunkStorage: All dimensions are saved
